<?xml version="1.0" encoding="UTF-8"?>
<robot generator="Robot 4.1.3 (Python 3.8.3 on win32)" generated="20220111 13:45:18.615" rpa="false" schemaversion="2">
<suite id="s1" name="Amazon" source="D:\Python\Robot_Framework_Test_Automation\project1\tests\Amazon.robot">
<test id="s1-t1" name="User must sign in to check out">
<kw name="Open Browser" library="SeleniumLibrary">
<arg>http://www.amazon.com</arg>
<arg>ie</arg>
<doc>Opens a new browser instance to the optional ``url``.</doc>
<msg timestamp="20220111 13:45:19.098" level="INFO">Opening browser 'ie' to base url 'http://www.amazon.com'.</msg>
<msg timestamp="20220111 13:45:19.102" level="INFO">Cannot capture screenshot because no browser is open.</msg>
<msg timestamp="20220111 13:45:19.107" level="FAIL">WebDriverException: Message: 'IEDriverServer.exe' executable needs to be in PATH. Please download from https://www.selenium.dev/downloads/ and read up at https://github.com/SeleniumHQ/selenium/wiki/InternetExplorerDriver
</msg>
<status status="FAIL" starttime="20220111 13:45:19.097" endtime="20220111 13:45:19.107"/>
</kw>
<kw name="Close Browser" library="SeleniumLibrary">
<doc>Closes the current browser.</doc>
<status status="NOT RUN" starttime="20220111 13:45:19.108" endtime="20220111 13:45:19.108"/>
</kw>
<doc>This is some basic info about the test</doc>
<tag>Smoke</tag>
<status status="FAIL" starttime="20220111 13:45:19.095" endtime="20220111 13:45:19.108">WebDriverException: Message: 'IEDriverServer.exe' executable needs to be in PATH. Please download from https://www.selenium.dev/downloads/ and read up at https://github.com/SeleniumHQ/selenium/wiki/InternetExplorerDriver
</status>
</test>
<doc>This is some basic info about the whole suite</doc>
<status status="FAIL" starttime="20220111 13:45:18.619" endtime="20220111 13:45:19.111"/>
</suite>
<statistics>
<total>
<stat pass="0" fail="1" skip="0">All Tests</stat>
</total>
<tag>
<stat pass="0" fail="1" skip="0">Smoke</stat>
</tag>
<suite>
<stat pass="0" fail="1" skip="0" id="s1" name="Amazon">Amazon</stat>
</suite>
</statistics>
<errors>
</errors>
</robot>
